<?xml version="1.0" encoding="UTF-8"?>
<!-- Generated by org.testng.reporters.JUnitXMLReporter -->
<testsuite hostname="HRISHIKESHSALU" ignored="0" name="Surefire test" tests="15" failures="5" timestamp="2023-04-14T21:01:41 IST" time="0.156" errors="0">
  <testcase name="@BeforeMethod initialiseBrowser" time="-1.681486301451E9" classname="com.SevenRSuperMarket.Project.Base">
    <failure type="org.testng.TestNGException" message="
Parameter &amp;apos;browser&amp;apos; is required by BeforeMethod on method initialiseBrowser but has not been marked @Optional or defined
">
      <![CDATA[org.testng.TestNGException: 
Parameter 'browser' is required by BeforeMethod on method initialiseBrowser but has not been marked @Optional or defined

at java.util.ArrayList.forEach(ArrayList.java:1257)
... Removed 33 stack frames]]>
    </failure>
  </testcase> <!-- @BeforeMethod initialiseBrowser -->
  <testcase name="@AfterMethod browserQuit" time="0.006" classname="com.SevenRSuperMarket.Project.Base">
    <failure type="java.lang.NullPointerException">
      <![CDATA[java.lang.NullPointerException
at com.SevenRSuperMarket.Project.Base.browserQuit(Base.java:106)
at java.util.ArrayList.forEach(ArrayList.java:1257)
... Removed 37 stack frames]]>
    </failure>
  </testcase> <!-- @AfterMethod browserQuit -->
  <testcase name="@BeforeMethod initialiseBrowser" time="-1.681486301476E9" classname="com.SevenRSuperMarket.Project.Base">
    <failure type="org.testng.TestNGException" message="
Parameter &amp;apos;browser&amp;apos; is required by BeforeMethod on method initialiseBrowser but has not been marked @Optional or defined
">
      <![CDATA[org.testng.TestNGException: 
Parameter 'browser' is required by BeforeMethod on method initialiseBrowser but has not been marked @Optional or defined

at java.util.ArrayList.forEach(ArrayList.java:1257)
... Removed 33 stack frames]]>
    </failure>
  </testcase> <!-- @BeforeMethod initialiseBrowser -->
  <testcase name="@AfterMethod browserQuit" time="0.0" classname="com.SevenRSuperMarket.Project.Base">
    <failure type="java.lang.NullPointerException">
      <![CDATA[java.lang.NullPointerException
at com.SevenRSuperMarket.Project.Base.browserQuit(Base.java:106)
at java.util.ArrayList.forEach(ArrayList.java:1257)
... Removed 37 stack frames]]>
    </failure>
  </testcase> <!-- @AfterMethod browserQuit -->
  <testcase name="@BeforeMethod initialiseBrowser" time="-1.681486301492E9" classname="com.SevenRSuperMarket.Project.Base">
    <failure type="org.testng.TestNGException" message="
Parameter &amp;apos;browser&amp;apos; is required by BeforeMethod on method initialiseBrowser but has not been marked @Optional or defined
">
      <![CDATA[org.testng.TestNGException: 
Parameter 'browser' is required by BeforeMethod on method initialiseBrowser but has not been marked @Optional or defined

at java.util.ArrayList.forEach(ArrayList.java:1257)
... Removed 33 stack frames]]>
    </failure>
  </testcase> <!-- @BeforeMethod initialiseBrowser -->
  <testcase name="@AfterMethod browserQuit" time="0.001" classname="com.SevenRSuperMarket.Project.Base">
    <failure type="java.lang.NullPointerException">
      <![CDATA[java.lang.NullPointerException
at com.SevenRSuperMarket.Project.Base.browserQuit(Base.java:106)
at java.util.ArrayList.forEach(ArrayList.java:1257)
... Removed 37 stack frames]]>
    </failure>
  </testcase> <!-- @AfterMethod browserQuit -->
  <testcase name="@BeforeMethod initialiseBrowser" time="-1.681486301498E9" classname="com.SevenRSuperMarket.Project.Base">
    <failure type="org.testng.TestNGException" message="
Parameter &amp;apos;browser&amp;apos; is required by BeforeMethod on method initialiseBrowser but has not been marked @Optional or defined
">
      <![CDATA[org.testng.TestNGException: 
Parameter 'browser' is required by BeforeMethod on method initialiseBrowser but has not been marked @Optional or defined

at java.util.ArrayList.forEach(ArrayList.java:1257)
... Removed 33 stack frames]]>
    </failure>
  </testcase> <!-- @BeforeMethod initialiseBrowser -->
  <testcase name="@AfterMethod browserQuit" time="0.001" classname="com.SevenRSuperMarket.Project.Base">
    <failure type="java.lang.NullPointerException">
      <![CDATA[java.lang.NullPointerException
at com.SevenRSuperMarket.Project.Base.browserQuit(Base.java:106)
at java.util.ArrayList.forEach(ArrayList.java:1257)
... Removed 37 stack frames]]>
    </failure>
  </testcase> <!-- @AfterMethod browserQuit -->
  <testcase name="@BeforeMethod initialiseBrowser" time="-1.681486301502E9" classname="com.SevenRSuperMarket.Project.Base">
    <failure type="org.testng.TestNGException" message="
Parameter &amp;apos;browser&amp;apos; is required by BeforeMethod on method initialiseBrowser but has not been marked @Optional or defined
">
      <![CDATA[org.testng.TestNGException: 
Parameter 'browser' is required by BeforeMethod on method initialiseBrowser but has not been marked @Optional or defined

at java.util.ArrayList.forEach(ArrayList.java:1257)
... Removed 33 stack frames]]>
    </failure>
  </testcase> <!-- @BeforeMethod initialiseBrowser -->
  <testcase name="@AfterMethod browserQuit" time="0.0" classname="com.SevenRSuperMarket.Project.Base">
    <failure type="java.lang.NullPointerException">
      <![CDATA[java.lang.NullPointerException
at com.SevenRSuperMarket.Project.Base.browserQuit(Base.java:106)
at java.util.ArrayList.forEach(ArrayList.java:1257)
... Removed 37 stack frames]]>
    </failure>
  </testcase> <!-- @AfterMethod browserQuit -->
  <testcase name="@BeforeMethod initialiseBrowser" time="-1.681486301505E9" classname="com.SevenRSuperMarket.Project.Base">
    <failure type="org.testng.TestNGException" message="
Parameter &amp;apos;browser&amp;apos; is required by BeforeMethod on method initialiseBrowser but has not been marked @Optional or defined
">
      <![CDATA[org.testng.TestNGException: 
Parameter 'browser' is required by BeforeMethod on method initialiseBrowser but has not been marked @Optional or defined

at java.util.ArrayList.forEach(ArrayList.java:1257)
... Removed 33 stack frames]]>
    </failure>
  </testcase> <!-- @BeforeMethod initialiseBrowser -->
  <testcase name="@AfterMethod browserQuit" time="0.0" classname="com.SevenRSuperMarket.Project.Base">
    <failure type="java.lang.NullPointerException">
      <![CDATA[java.lang.NullPointerException
at com.SevenRSuperMarket.Project.Base.browserQuit(Base.java:106)
at java.util.ArrayList.forEach(ArrayList.java:1257)
... Removed 37 stack frames]]>
    </failure>
  </testcase> <!-- @AfterMethod browserQuit -->
  <testcase name="@BeforeMethod initialiseBrowser" time="-1.68148630151E9" classname="com.SevenRSuperMarket.Project.Base">
    <failure type="org.testng.TestNGException" message="
Parameter &amp;apos;browser&amp;apos; is required by BeforeMethod on method initialiseBrowser but has not been marked @Optional or defined
">
      <![CDATA[org.testng.TestNGException: 
Parameter 'browser' is required by BeforeMethod on method initialiseBrowser but has not been marked @Optional or defined

at java.util.ArrayList.forEach(ArrayList.java:1257)
... Removed 33 stack frames]]>
    </failure>
  </testcase> <!-- @BeforeMethod initialiseBrowser -->
  <testcase name="@AfterMethod browserQuit" time="0.001" classname="com.SevenRSuperMarket.Project.Base">
    <failure type="java.lang.NullPointerException">
      <![CDATA[java.lang.NullPointerException
at com.SevenRSuperMarket.Project.Base.browserQuit(Base.java:106)
at java.util.ArrayList.forEach(ArrayList.java:1257)
... Removed 37 stack frames]]>
    </failure>
  </testcase> <!-- @AfterMethod browserQuit -->
  <testcase name="@BeforeMethod initialiseBrowser" time="-1.681486301512E9" classname="com.SevenRSuperMarket.Project.Base">
    <failure type="org.testng.TestNGException" message="
Parameter &amp;apos;browser&amp;apos; is required by BeforeMethod on method initialiseBrowser but has not been marked @Optional or defined
">
      <![CDATA[org.testng.TestNGException: 
Parameter 'browser' is required by BeforeMethod on method initialiseBrowser but has not been marked @Optional or defined

at java.util.ArrayList.forEach(ArrayList.java:1257)
... Removed 33 stack frames]]>
    </failure>
  </testcase> <!-- @BeforeMethod initialiseBrowser -->
  <testcase name="@AfterMethod browserQuit" time="0.001" classname="com.SevenRSuperMarket.Project.Base">
    <failure type="java.lang.NullPointerException">
      <![CDATA[java.lang.NullPointerException
at com.SevenRSuperMarket.Project.Base.browserQuit(Base.java:106)
at java.util.ArrayList.forEach(ArrayList.java:1257)
... Removed 37 stack frames]]>
    </failure>
  </testcase> <!-- @AfterMethod browserQuit -->
  <testcase name="@BeforeMethod initialiseBrowser" time="-1.681486301517E9" classname="com.SevenRSuperMarket.Project.Base">
    <failure type="org.testng.TestNGException" message="
Parameter &amp;apos;browser&amp;apos; is required by BeforeMethod on method initialiseBrowser but has not been marked @Optional or defined
">
      <![CDATA[org.testng.TestNGException: 
Parameter 'browser' is required by BeforeMethod on method initialiseBrowser but has not been marked @Optional or defined

at java.util.ArrayList.forEach(ArrayList.java:1257)
... Removed 33 stack frames]]>
    </failure>
  </testcase> <!-- @BeforeMethod initialiseBrowser -->
  <testcase name="@AfterMethod browserQuit" time="0.001" classname="com.SevenRSuperMarket.Project.Base">
    <failure type="java.lang.NullPointerException">
      <![CDATA[java.lang.NullPointerException
at com.SevenRSuperMarket.Project.Base.browserQuit(Base.java:106)
at java.util.ArrayList.forEach(ArrayList.java:1257)
... Removed 37 stack frames]]>
    </failure>
  </testcase> <!-- @AfterMethod browserQuit -->
  <testcase name="@BeforeMethod initialiseBrowser" time="-1.681486301522E9" classname="com.SevenRSuperMarket.Project.Base">
    <failure type="org.testng.TestNGException" message="
Parameter &amp;apos;browser&amp;apos; is required by BeforeMethod on method initialiseBrowser but has not been marked @Optional or defined
">
      <![CDATA[org.testng.TestNGException: 
Parameter 'browser' is required by BeforeMethod on method initialiseBrowser but has not been marked @Optional or defined

at java.util.ArrayList.forEach(ArrayList.java:1257)
... Removed 33 stack frames]]>
    </failure>
  </testcase> <!-- @BeforeMethod initialiseBrowser -->
  <testcase name="@AfterMethod browserQuit" time="0.003" classname="com.SevenRSuperMarket.Project.Base">
    <failure type="java.lang.NullPointerException">
      <![CDATA[java.lang.NullPointerException
at com.SevenRSuperMarket.Project.Base.browserQuit(Base.java:106)
at java.util.ArrayList.forEach(ArrayList.java:1257)
... Removed 37 stack frames]]>
    </failure>
  </testcase> <!-- @AfterMethod browserQuit -->
  <testcase name="initialiseBrowser" time="0.0" classname="com.SevenRSuperMarket.Project.Base">
    <failure type="org.testng.TestNGException" message="
Parameter &amp;apos;browser&amp;apos; is required by @Test on method initialiseBrowser but has not been marked @Optional or defined
">
      <![CDATA[org.testng.TestNGException: 
Parameter 'browser' is required by @Test on method initialiseBrowser but has not been marked @Optional or defined

at java.util.ArrayList.forEach(ArrayList.java:1257)
... Removed 31 stack frames]]>
    </failure>
  </testcase> <!-- initialiseBrowser -->
  <testcase name="test" time="0.0" classname="com.SevenRSuperMarket.Project.Base">
    <skipped/>
  </testcase> <!-- test -->
  <testcase name="listUsersButton" time="0.0" classname="com.SevenRSuperMarket.Project.ListUsersTest">
    <skipped/>
  </testcase> <!-- listUsersButton -->
  <testcase name="initialiseBrowser" time="0.0" classname="com.SevenRSuperMarket.Project.Base">
    <failure type="org.testng.TestNGException" message="
Parameter &amp;apos;browser&amp;apos; is required by @Test on method initialiseBrowser but has not been marked @Optional or defined
">
      <![CDATA[org.testng.TestNGException: 
Parameter 'browser' is required by @Test on method initialiseBrowser but has not been marked @Optional or defined

at java.util.ArrayList.forEach(ArrayList.java:1257)
... Removed 31 stack frames]]>
    </failure>
  </testcase> <!-- initialiseBrowser -->
  <testcase name="test" time="0.0" classname="com.SevenRSuperMarket.Project.Base">
    <skipped/>
  </testcase> <!-- test -->
  <testcase name="login" time="0.0" classname="com.SevenRSuperMarket.Project.LoginTest">
    <skipped/>
  </testcase> <!-- login -->
  <testcase name="initialiseBrowser" time="0.0" classname="com.SevenRSuperMarket.Project.Base">
    <failure type="org.testng.TestNGException" message="
Parameter &amp;apos;browser&amp;apos; is required by @Test on method initialiseBrowser but has not been marked @Optional or defined
">
      <![CDATA[org.testng.TestNGException: 
Parameter 'browser' is required by @Test on method initialiseBrowser but has not been marked @Optional or defined

at java.util.ArrayList.forEach(ArrayList.java:1257)
... Removed 31 stack frames]]>
    </failure>
  </testcase> <!-- initialiseBrowser -->
  <testcase name="test" time="0.0" classname="com.SevenRSuperMarket.Project.Base">
    <skipped/>
  </testcase> <!-- test -->
  <testcase name="manageProducts" time="0.0" classname="com.SevenRSuperMarket.Project.ManageProductsTest">
    <skipped/>
  </testcase> <!-- manageProducts -->
  <testcase name="initialiseBrowser" time="0.0" classname="com.SevenRSuperMarket.Project.Base">
    <failure type="org.testng.TestNGException" message="
Parameter &amp;apos;browser&amp;apos; is required by @Test on method initialiseBrowser but has not been marked @Optional or defined
">
      <![CDATA[org.testng.TestNGException: 
Parameter 'browser' is required by @Test on method initialiseBrowser but has not been marked @Optional or defined

at java.util.ArrayList.forEach(ArrayList.java:1257)
... Removed 31 stack frames]]>
    </failure>
  </testcase> <!-- initialiseBrowser -->
  <testcase name="test" time="0.0" classname="com.SevenRSuperMarket.Project.Base">
    <skipped/>
  </testcase> <!-- test -->
  <testcase name="pushNotifications" time="0.0" classname="com.SevenRSuperMarket.Project.PushNotificationsTest">
    <skipped/>
  </testcase> <!-- pushNotifications -->
  <testcase name="initialiseBrowser" time="0.0" classname="com.SevenRSuperMarket.Project.Base">
    <failure type="org.testng.TestNGException" message="
Parameter &amp;apos;browser&amp;apos; is required by @Test on method initialiseBrowser but has not been marked @Optional or defined
">
      <![CDATA[org.testng.TestNGException: 
Parameter 'browser' is required by @Test on method initialiseBrowser but has not been marked @Optional or defined

at java.util.ArrayList.forEach(ArrayList.java:1257)
... Removed 31 stack frames]]>
    </failure>
  </testcase> <!-- initialiseBrowser -->
  <testcase name="test" time="0.0" classname="com.SevenRSuperMarket.Project.Base">
    <skipped/>
  </testcase> <!-- test -->
  <testcase name="verifyUsers" time="0.0" classname="com.SevenRSuperMarket.Project.VerifyUsersTest">
    <skipped/>
  </testcase> <!-- verifyUsers -->
</testsuite> <!-- Surefire test -->
